<?xml version="1.0" encoding="utf-8"?><testsuites name="pytest tests"><testsuite name="pytest" errors="0" failures="0" skipped="0" tests="10" time="2.944" timestamp="2026-06-15T17:25:36.410761+00:00" hostname="agent-env-5888be40-4509-42f9-9491-a9c28a7ba888"><testcase classname="backend.tests.test_admin_tournaments.TestAdminLogin" name="test_login_returns_token" time="0.305" /><testcase classname="backend.tests.test_admin_tournaments.TestAdminLogin" name="test_login_creates_audit_entry" time="0.259" /><testcase classname="backend.tests.test_admin_tournaments.TestListTournaments" name="test_list_contract" time="0.141" /><testcase classname="backend.tests.test_admin_tournaments.TestCreateAdvanceTournament" name="test_create_appears_in_list" time="0.267" /><testcase classname="backend.tests.test_admin_tournaments.TestCreateAdvanceTournament" name="test_advance_through_progression" time="0.689" /><testcase classname="backend.tests.test_admin_tournaments.TestCreateAdvanceTournament" name="test_advance_completed_returns_409" time="0.117" /><testcase classname="backend.tests.test_admin_tournaments.TestStageLength" name="test_toggle_to_1d_then_5d" time="0.397" /><testcase classname="backend.tests.test_admin_tournaments.TestStageLength" name="test_invalid_value_400" time="0.158" /><testcase classname="backend.tests.test_admin_tournaments.TestStageLength" name="test_locked_after_advance" time="0.198" /><testcase classname="backend.tests.test_admin_tournaments.TestVoidTournament" name="test_void_marks_completed_and_returns_refund_count" time="0.344" /></testsuite></testsuites>