<?xml version="1.0" encoding="utf-8"?><testsuites name="pytest tests"><testsuite name="pytest" errors="0" failures="0" skipped="2" tests="25" time="3.739" timestamp="2026-06-15T16:05:45.160119+00:00" hostname="agent-env-5888be40-4509-42f9-9491-a9c28a7ba888"><testcase classname="backend.tests.test_journey_and_royale.TestTournamentJourney" name="test_journey_returns_list" time="0.292" /><testcase classname="backend.tests.test_journey_and_royale.TestTournamentJourney" name="test_journey_tspring_sf_exit_with_prize" time="0.050" /><testcase classname="backend.tests.test_journey_and_royale.TestTournamentJourney" name="test_journey_tbronze_r16_exit" time="0.048" /><testcase classname="backend.tests.test_journey_and_royale.TestTournamentJourney" name="test_journey_includes_ongoing_diamond_open" time="0.043" /><testcase classname="backend.tests.test_journey_and_royale.TestTournamentBracket" name="test_bracket_full_for_completed" time="0.110" /><testcase classname="backend.tests.test_journey_and_royale.TestTournamentBracket" name="test_bracket_404" time="0.067" /><testcase classname="backend.tests.test_journey_and_royale.TestStationDuelDetail" name="test_station_duel_returns_me_opp_mt5" time="0.808" /><testcase classname="backend.tests.test_journey_and_royale.TestStationDuelDetail" name="test_station_duel_403_for_non_participant" time="0.111" /><testcase classname="backend.tests.test_journey_and_royale.TestStationDuelDetail" name="test_station_duel_404" time="0.046" /><testcase classname="backend.tests.test_journey_and_royale.TestStationTournamentDetail" name="test_tournament_journey_spring" time="0.050" /><testcase classname="backend.tests.test_journey_and_royale.TestStationTournamentDetail" name="test_tournament_403_not_registered" time="0.108"><skipped type="pytest.skip" message="PaperHandsNoMore happens to be registered for T-SPRING">/app/backend/tests/test_journey_and_royale.py:210: PaperHandsNoMore happens to be registered for T-SPRING</skipped></testcase><testcase classname="backend.tests.test_journey_and_royale.TestStationTournamentDetail" name="test_tournament_404" time="0.051" /><testcase classname="backend.tests.test_journey_and_royale.TestStationRoyaleDetail" name="test_station_royale_detail" time="0.119" /><testcase classname="backend.tests.test_journey_and_royale.TestStationRoyaleDetail" name="test_station_royale_403" time="0.183"><skipped type="pytest.skip" message="Random user happened to be in the lobby">/app/backend/tests/test_journey_and_royale.py:251: Random user happened to be in the lobby</skipped></testcase><testcase classname="backend.tests.test_journey_and_royale.TestStationRoyaleDetail" name="test_station_royale_404" time="0.047" /><testcase classname="backend.tests.test_journey_and_royale.TestRoyaleStateEngine" name="test_30min_lobby_22m_in_is_phase2" time="0.302" /><testcase classname="backend.tests.test_journey_and_royale.TestRoyaleStateEngine" name="test_1h_lobby_12m_in_is_phase1" time="0.089" /><testcase classname="backend.tests.test_journey_and_royale.TestRoyaleStateEngine" name="test_force_finished_phase" time="0.540" /><testcase classname="backend.tests.test_journey_and_royale.TestRoyaleStateEngine" name="test_force_phase1_at_start" time="0.052" /><testcase classname="backend.tests.test_journey_and_royale.TestRegression" name="test_me" time="0.045" /><testcase classname="backend.tests.test_journey_and_royale.TestRegression" name="test_trading_station_groups" time="0.080" /><testcase classname="backend.tests.test_journey_and_royale.TestRegression" name="test_tournaments_list" time="0.056" /><testcase classname="backend.tests.test_journey_and_royale.TestRegression" name="test_tournament_detail" time="0.045" /><testcase classname="backend.tests.test_journey_and_royale.TestRegression" name="test_royale_lobbies_list" time="0.043" /><testcase classname="backend.tests.test_journey_and_royale.TestRegression" name="test_royale_lobby_get" time="0.166" /></testsuite></testsuites>