<?xml version="1.0" encoding="utf-8"?><testsuites name="pytest tests"><testsuite name="pytest" errors="0" failures="0" skipped="2" tests="65" time="11.086" timestamp="2026-06-15T16:05:55.117558+00:00" hostname="agent-env-5888be40-4509-42f9-9491-a9c28a7ba888"><testcase classname="backend.tests.backend_test.TestHealth" name="test_root" time="0.377" /><testcase classname="backend.tests.backend_test.TestHealth" name="test_me_default_user" time="0.042" /><testcase classname="backend.tests.backend_test.TestDuelMT5Fields" name="test_get_duel_returns_mt5_fields" time="0.099" /><testcase classname="backend.tests.backend_test.TestMT5Credentials" name="test_mt5_creds_for_participant" time="0.042" /><testcase classname="backend.tests.backend_test.TestMT5Credentials" name="test_mt5_deterministic" time="0.086" /><testcase classname="backend.tests.backend_test.TestMT5Credentials" name="test_mt5_forbidden_for_non_participant" time="0.089" /><testcase classname="backend.tests.backend_test.TestMT5Credentials" name="test_mt5_404_unknown_duel" time="0.043" /><testcase classname="backend.tests.backend_test.TestConfirmLogin" name="test_confirm_login_persists" time="0.095" /><testcase classname="backend.tests.backend_test.TestConfirmLogin" name="test_confirm_login_404" time="0.044" /><testcase classname="backend.tests.backend_test.TestAdminDuelsMT5" name="test_admin_duels_has_mt5_fields" time="0.296" /><testcase classname="backend.tests.backend_test.TestAdminDuelsMT5" name="test_admin_matches_by_status_groups" time="0.050" /><testcase classname="backend.tests.backend_test.TestAdminSettlements" name="test_list_settlements" time="0.043" /><testcase classname="backend.tests.backend_test.TestAdminSettlements" name="test_settlement_detail_mock" time="0.089" /><testcase classname="backend.tests.backend_test.TestOpenDuels" name="test_open_duels_returns_only_pairing" time="0.046" /><testcase classname="backend.tests.backend_test.TestOpenDuels" name="test_open_duels_separate_from_live" time="0.195" /><testcase classname="backend.tests.backend_test.TestTradingStation" name="test_station_returns_grouped" time="0.083" /><testcase classname="backend.tests.backend_test.TestTradingStation" name="test_station_active_contains_live_duels" time="0.081" /><testcase classname="backend.tests.backend_test.TestTradingStation" name="test_station_row_schema" time="0.083" /><testcase classname="backend.tests.backend_test.TestAffiliate" name="test_me_affiliate" time="0.046" /><testcase classname="backend.tests.test_journey_and_royale.TestTournamentJourney" name="test_journey_returns_list" time="0.128" /><testcase classname="backend.tests.test_journey_and_royale.TestTournamentJourney" name="test_journey_tspring_sf_exit_with_prize" time="0.049" /><testcase classname="backend.tests.test_journey_and_royale.TestTournamentJourney" name="test_journey_tbronze_r16_exit" time="0.048" /><testcase classname="backend.tests.test_journey_and_royale.TestTournamentJourney" name="test_journey_includes_ongoing_diamond_open" time="0.047" /><testcase classname="backend.tests.test_journey_and_royale.TestTournamentBracket" name="test_bracket_full_for_completed" time="0.093" /><testcase classname="backend.tests.test_journey_and_royale.TestTournamentBracket" name="test_bracket_404" time="0.044" /><testcase classname="backend.tests.test_journey_and_royale.TestStationDuelDetail" name="test_station_duel_returns_me_opp_mt5" time="0.807" /><testcase classname="backend.tests.test_journey_and_royale.TestStationDuelDetail" name="test_station_duel_403_for_non_participant" time="0.106" /><testcase classname="backend.tests.test_journey_and_royale.TestStationDuelDetail" name="test_station_duel_404" time="0.045" /><testcase classname="backend.tests.test_journey_and_royale.TestStationTournamentDetail" name="test_tournament_journey_spring" time="0.056" /><testcase classname="backend.tests.test_journey_and_royale.TestStationTournamentDetail" name="test_tournament_403_not_registered" time="0.112"><skipped type="pytest.skip" message="PaperHandsNoMore happens to be registered for T-SPRING">/app/backend/tests/test_journey_and_royale.py:210: PaperHandsNoMore happens to be registered for T-SPRING</skipped></testcase><testcase classname="backend.tests.test_journey_and_royale.TestStationTournamentDetail" name="test_tournament_404" time="0.044" /><testcase classname="backend.tests.test_journey_and_royale.TestStationRoyaleDetail" name="test_station_royale_detail" time="0.120" /><testcase classname="backend.tests.test_journey_and_royale.TestStationRoyaleDetail" name="test_station_royale_403" time="0.172"><skipped type="pytest.skip" message="Random user happened to be in the lobby">/app/backend/tests/test_journey_and_royale.py:251: Random user happened to be in the lobby</skipped></testcase><testcase classname="backend.tests.test_journey_and_royale.TestStationRoyaleDetail" name="test_station_royale_404" time="0.044" /><testcase classname="backend.tests.test_journey_and_royale.TestRoyaleStateEngine" name="test_30min_lobby_22m_in_is_phase2" time="0.302" /><testcase classname="backend.tests.test_journey_and_royale.TestRoyaleStateEngine" name="test_1h_lobby_12m_in_is_phase1" time="0.082" /><testcase classname="backend.tests.test_journey_and_royale.TestRoyaleStateEngine" name="test_force_finished_phase" time="0.536" /><testcase classname="backend.tests.test_journey_and_royale.TestRoyaleStateEngine" name="test_force_phase1_at_start" time="0.051" /><testcase classname="backend.tests.test_journey_and_royale.TestRegression" name="test_me" time="0.049" /><testcase classname="backend.tests.test_journey_and_royale.TestRegression" name="test_trading_station_groups" time="0.084" /><testcase classname="backend.tests.test_journey_and_royale.TestRegression" name="test_tournaments_list" time="0.048" /><testcase classname="backend.tests.test_journey_and_royale.TestRegression" name="test_tournament_detail" time="0.046" /><testcase classname="backend.tests.test_journey_and_royale.TestRegression" name="test_royale_lobbies_list" time="0.047" /><testcase classname="backend.tests.test_journey_and_royale.TestRegression" name="test_royale_lobby_get" time="0.118" /><testcase classname="backend.tests.test_matchmaking_v41.TestRegressionSmoke" name="test_me" time="0.104" /><testcase classname="backend.tests.test_matchmaking_v41.TestRegressionSmoke" name="test_wallet" time="0.100" /><testcase classname="backend.tests.test_matchmaking_v41.TestRegressionSmoke" name="test_duels_live" time="0.214" /><testcase classname="backend.tests.test_matchmaking_v41.TestRegressionSmoke" name="test_duels_open" time="0.102" /><testcase classname="backend.tests.test_matchmaking_v41.TestRegressionSmoke" name="test_dashboard" time="0.207" /><testcase classname="backend.tests.test_matchmaking_v41.TestRegressionSmoke" name="test_legacy_spawn" time="0.107" /><testcase classname="backend.tests.test_matchmaking_v41.TestDuelEnter" name="test_enter_deducts_wallet_and_queues" time="0.195" /><testcase classname="backend.tests.test_matchmaking_v41.TestDuelEnter" name="test_enter_insufficient_balance_402" time="0.101" /><testcase classname="backend.tests.test_matchmaking_v41.TestDuelEnter" name="test_enter_double_entry_409" time="0.183" /><testcase classname="backend.tests.test_matchmaking_v41.TestDuelEnter" name="test_enter_invalid_account_size" time="0.104" /><testcase classname="backend.tests.test_matchmaking_v41.TestPeerPairing" name="test_two_users_pair_at_same_tier" time="0.450" /><testcase classname="backend.tests.test_matchmaking_v41.TestReadyFlow" name="test_ready_sets_timestamp_and_transitions_to_starting" time="0.524" /><testcase classname="backend.tests.test_matchmaking_v41.TestReadyFlow" name="test_ready_non_participant_forbidden" time="0.252" /><testcase classname="backend.tests.test_matchmaking_v41.TestBotFallback" name="test_bot_pairs_when_queue_expires" time="0.270" /><testcase classname="backend.tests.test_matchmaking_v41.TestLiveTransition" name="test_starting_to_live_when_trade_starts_at_elapses" time="0.472" /><testcase classname="backend.tests.test_matchmaking_v41.TestReadyTimeoutRefund" name="test_ready_deadline_expiry_cancels_and_refunds_both" time="0.642" /><testcase classname="backend.tests.test_matchmaking_v41.TestReadyTimeoutRefund" name="test_bot_match_ready_timeout_only_refunds_human" time="0.386" /><testcase classname="backend.tests.test_matchmaking_v41.TestQueueCancel" name="test_entrant_can_cancel_queueing_full_refund" time="0.331" /><testcase classname="backend.tests.test_matchmaking_v41.TestQueueCancel" name="test_cancel_after_paired_returns_409" time="0.361" /><testcase classname="backend.tests.test_matchmaking_v41.TestQueueCancel" name="test_non_entrant_cannot_cancel" time="0.266" /><testcase classname="backend.tests.test_matchmaking_v41.TestMT5" name="test_mt5_deterministic_and_participant_only" time="0.310" /></testsuite></testsuites>